<?xml version="1.0" encoding="UTF-8"?>
<!-- Generated by org.testng.reporters.JUnitReportReporter -->
<testsuite skipped="0" hostname="LAPTOP-DQT0UD1I" name="test1.Base_classpractice" tests="1" failures="0" timestamp="23 Mar 2022 02:00:52 GMT" time="5.822" errors="0">
  <testcase name="Test_baseclass" time="5.822" classname="test1.Base_classpractice"/>
</testsuite> <!-- test1.Base_classpractice -->
