<?xml version="1.0" encoding="UTF-8"?>
<!-- Generated by org.testng.reporters.JUnitReportReporter -->
<testsuite skipped="0" hostname="LAPTOP-DQT0UD1I" name="test1.Loginusingpombusinesslogic" tests="1" failures="0" timestamp="26 Mar 2022 02:33:39 GMT" time="2.353" errors="0">
  <testcase name="Login" time="2.353" classname="test1.Loginusingpombusinesslogic"/>
</testsuite> <!-- test1.Loginusingpombusinesslogic -->
