<?xml version="1.0" encoding="UTF-8"?>
<!-- Generated by org.testng.reporters.JUnitReportReporter -->
<testsuite skipped="0" hostname="LAPTOP-DQT0UD1I" name="test1.Demo2" tests="1" failures="0" timestamp="16 Mar 2022 17:08:08 GMT" time="11.674" errors="0">
  <testcase name="test" time="11.674" classname="test1.Demo2"/>
</testsuite> <!-- test1.Demo2 -->
