<?xml version="1.0" encoding="UTF-8"?>
<!-- Generated by org.testng.reporters.JUnitReportReporter -->
<testsuite skipped="0" hostname="LAPTOP-DQT0UD1I" name="test1.Loginusingpom" tests="1" failures="0" timestamp="26 Mar 2022 02:22:18 GMT" time="3.654" errors="0">
  <testcase name="Login" time="3.654" classname="test1.Loginusingpom"/>
</testsuite> <!-- test1.Loginusingpom -->
