<?xml version="1.0" encoding="UTF-8"?>
<!-- Generated by org.testng.reporters.JUnitReportReporter -->
<testsuite skipped="0" hostname="LAPTOP-DQT0UD1I" name="test1.Demo1" tests="1" failures="0" timestamp="13 Mar 2022 06:59:01 GMT" time="3.376" errors="0">
  <testcase name="Test1" time="3.376" classname="test1.Demo1"/>
</testsuite> <!-- test1.Demo1 -->
